25-Dec-2023 09:35:52.200 INFO [main] org.apache.catalina.core.ApplicationContext.log ContextListener: contextInitialized()
25-Dec-2023 09:35:52.201 INFO [main] org.apache.catalina.core.ApplicationContext.log SessionListener: contextInitialized()
25-Dec-2023 09:35:52.203 INFO [main] org.apache.catalina.core.ApplicationContext.log ContextListener: attributeAdded('StockTicker', 'async.Stockticker@df5f5c0')
25-Dec-2023 09:51:05.465 INFO [main] org.apache.catalina.core.ApplicationContext.log ContextListener: contextInitialized()
25-Dec-2023 09:51:05.466 INFO [main] org.apache.catalina.core.ApplicationContext.log SessionListener: contextInitialized()
25-Dec-2023 09:51:05.468 INFO [main] org.apache.catalina.core.ApplicationContext.log ContextListener: attributeAdded('StockTicker', 'async.Stockticker@7b02e036')
25-Dec-2023 09:51:05.640 INFO [main] org.apache.catalina.core.ApplicationContext.log SessionListener: contextDestroyed()
25-Dec-2023 09:51:05.640 INFO [main] org.apache.catalina.core.ApplicationContext.log ContextListener: contextDestroyed()
25-Dec-2023 09:56:51.304 INFO [main] org.apache.catalina.core.ApplicationContext.log SessionListener: contextDestroyed()
25-Dec-2023 09:56:51.307 INFO [main] org.apache.catalina.core.ApplicationContext.log ContextListener: contextDestroyed()
25-Dec-2023 09:57:00.826 INFO [main] org.apache.catalina.core.ApplicationContext.log ContextListener: contextInitialized()
25-Dec-2023 09:57:00.837 INFO [main] org.apache.catalina.core.ApplicationContext.log SessionListener: contextInitialized()
25-Dec-2023 09:57:00.839 INFO [main] org.apache.catalina.core.ApplicationContext.log ContextListener: attributeAdded('StockTicker', 'async.Stockticker@772485dd')
25-Dec-2023 09:58:37.851 INFO [main] org.apache.catalina.core.ApplicationContext.log SessionListener: contextDestroyed()
25-Dec-2023 09:58:37.851 INFO [main] org.apache.catalina.core.ApplicationContext.log ContextListener: contextDestroyed()
25-Dec-2023 09:58:48.757 INFO [main] org.apache.catalina.core.ApplicationContext.log ContextListener: contextInitialized()
25-Dec-2023 09:58:48.758 INFO [main] org.apache.catalina.core.ApplicationContext.log SessionListener: contextInitialized()
25-Dec-2023 09:58:48.760 INFO [main] org.apache.catalina.core.ApplicationContext.log ContextListener: attributeAdded('StockTicker', 'async.Stockticker@35e52059')
25-Dec-2023 10:18:50.663 INFO [main] org.apache.catalina.core.ApplicationContext.log SessionListener: contextDestroyed()
25-Dec-2023 10:18:50.664 INFO [main] org.apache.catalina.core.ApplicationContext.log ContextListener: contextDestroyed()
25-Dec-2023 10:18:57.394 INFO [main] org.apache.catalina.core.ApplicationContext.log ContextListener: contextInitialized()
25-Dec-2023 10:18:57.394 INFO [main] org.apache.catalina.core.ApplicationContext.log SessionListener: contextInitialized()
25-Dec-2023 10:18:57.396 INFO [main] org.apache.catalina.core.ApplicationContext.log ContextListener: attributeAdded('StockTicker', 'async.Stockticker@28b576a9')
25-Dec-2023 10:20:14.774 INFO [main] org.apache.catalina.core.ApplicationContext.log SessionListener: contextDestroyed()
25-Dec-2023 10:20:14.775 INFO [main] org.apache.catalina.core.ApplicationContext.log ContextListener: contextDestroyed()
25-Dec-2023 10:20:20.214 INFO [main] org.apache.catalina.core.ApplicationContext.log ContextListener: contextInitialized()
25-Dec-2023 10:20:20.217 INFO [main] org.apache.catalina.core.ApplicationContext.log SessionListener: contextInitialized()
25-Dec-2023 10:20:20.219 INFO [main] org.apache.catalina.core.ApplicationContext.log ContextListener: attributeAdded('StockTicker', 'async.Stockticker@28b576a9')
25-Dec-2023 10:21:53.285 INFO [main] org.apache.catalina.core.ApplicationContext.log SessionListener: contextDestroyed()
25-Dec-2023 10:21:53.289 INFO [main] org.apache.catalina.core.ApplicationContext.log ContextListener: contextDestroyed()
25-Dec-2023 10:21:57.932 INFO [main] org.apache.catalina.core.ApplicationContext.log ContextListener: contextInitialized()
25-Dec-2023 10:21:57.933 INFO [main] org.apache.catalina.core.ApplicationContext.log SessionListener: contextInitialized()
25-Dec-2023 10:21:57.935 INFO [main] org.apache.catalina.core.ApplicationContext.log ContextListener: attributeAdded('StockTicker', 'async.Stockticker@5298dead')
25-Dec-2023 10:23:36.326 INFO [http-nio-8080-exec-7] org.apache.catalina.core.ApplicationContext.log ContextListener: attributeAdded('org.apache.jasper.runtime.JspApplicationContextImpl', 'org.apache.jasper.runtime.JspApplicationContextImpl@33798c08')
25-Dec-2023 10:23:36.329 INFO [http-nio-8080-exec-7] org.apache.catalina.core.ApplicationContext.log ContextListener: attributeAdded('org.apache.jasper.compiler.ELInterpreter', 'org.apache.jasper.compiler.ELInterpreterFactory$DefaultELInterpreter@7fa6ad66')
25-Dec-2023 10:23:36.329 INFO [http-nio-8080-exec-7] org.apache.catalina.core.ApplicationContext.log ContextListener: attributeAdded('org.apache.jasper.compiler.StringInterpreter', 'org.apache.jasper.compiler.StringInterpreterFactory$DefaultStringInterpreter@26e0037')
